#
# A fatal error has been detected by the Java Runtime Environment:
#
#  SIGSEGV (0xb) at pc=0x000000010db88a94, pid=62739, tid=7427
#
# JRE version: OpenJDK Runtime Environment AdoptOpenJDK-11.0.11+9 (11.0.11+9) (build 11.0.11+9)
# Java VM: OpenJDK 64-Bit Server VM AdoptOpenJDK-11.0.11+9 (11.0.11+9, mixed mode, tiered, compressed oops, g1 gc, bsd-amd64)
# Problematic frame:
# V  [libjvm.dylib+0x1cba94]  AccessInternal::PostRuntimeDispatch<G1BarrierSet::AccessBarrier<1097844ull, G1BarrierSet>, (AccessInternal::BarrierType)2, 1097844ull>::oop_access_barrier(void*)+0x4
#
# No core dump will be written. Core dumps have been disabled. To enable core dumping, try "ulimit -c unlimited" before starting Java again
#
# If you would like to submit a bug report, please visit:
#   https://github.com/AdoptOpenJDK/openjdk-support/issues
#

---------------  S U M M A R Y ------------

Command Line: -Dfile.encoding=UTF-8 oracle.jdbc.driver.JavaToJavaConverter$185

Host: MacBookAir10,1 x86_64 2400 MHz, 8 cores, 8G, Darwin 21.3.0
Time: Thu Aug  4 12:53:44 2022 KST elapsed time: 0.236879 seconds (0d 0h 0m 0s)

---------------  T H R E A D  ---------------

Current thread (0x00007fc3c3009800):  JavaThread "main" [_thread_in_vm, id=7427, stack(0x000000030cf8e000,0x000000030d08e000)]

Stack: [0x000000030cf8e000,0x000000030d08e000],  sp=0x000000030d08de00,  free space=1023k
Native frames: (J=compiled Java code, A=aot compiled Java code, j=interpreted, Vv=VM code, C=native code)
V  [libjvm.dylib+0x1cba94]  AccessInternal::PostRuntimeDispatch<G1BarrierSet::AccessBarrier<1097844ull, G1BarrierSet>, (AccessInternal::BarrierType)2, 1097844ull>::oop_access_barrier(void*)+0x4
V  [libjvm.dylib+0x3fdec2]  jni_GetStringUTFChars+0xe1
C  [libjli.dylib+0x714f]  PostJVMInit+0xad
C  [libjli.dylib+0x4ac4]  JavaMain+0xa4b
C  [libsystem_pthread.dylib+0x64f4]  _pthread_start+0x7d
C  [libsystem_pthread.dylib+0x200f]  thread_start+0xf


siginfo: si_signo: 11 (SIGSEGV), si_code: 1 (SEGV_MAPERR), si_addr: 0x0000000000000000

Register to memory mapping:

RAX=0x0 is NULL
RBX=0x0 is NULL
RCX=0x000000010e33b388: jni_NativeInterface+0 in /Library/Java/JavaVirtualMachines/adoptopenjdk-11.jdk/Contents/Home/lib/server/libjvm.dylib at 0x000000010d9bd000
RDX=0x0 is NULL
RSP=0x000000030d08de00 is pointing into the stack for thread: 0x00007fc3c3009800
RBP=0x000000030d08de00 is pointing into the stack for thread: 0x00007fc3c3009800
RSI=0x0 is NULL
RDI=0x0 is NULL
R8 =0x000000010d3a8700 points into unknown readable memory: 0x2020202020202020 | 20 20 20 20 20 20 20 20
R9 =0x0 is NULL
R10=0x000000010e398ae0: _ZN19TemplateInterpreter13_active_tableE+0x4800 in /Library/Java/JavaVirtualMachines/adoptopenjdk-11.jdk/Contents/Home/lib/server/libjvm.dylib at 0x000000010d9bd000
R11=0x000000012d714f00 is pointing into metadata
R12=0x00007fc3c3009b48 points into unknown readable memory: 0x000000010e33b388 | 88 b3 33 0e 01 00 00 00
R13=0x0 is NULL
R14=0x00007fc3c3009800 is a thread
R15=0x0 is NULL


Registers:
RAX=0x0000000000000000, RBX=0x0000000000000000, RCX=0x000000010e33b388, RDX=0x0000000000000000
RSP=0x000000030d08de00, RBP=0x000000030d08de00, RSI=0x0000000000000000, RDI=0x0000000000000000
R8 =0x000000010d3a8700, R9 =0x0000000000000000, R10=0x000000010e398ae0, R11=0x000000012d714f00
R12=0x00007fc3c3009b48, R13=0x0000000000000000, R14=0x00007fc3c3009800, R15=0x0000000000000000
RIP=0x000000010db88a94, EFLAGS=0x0000000000000246, ERR=0x0000000000000004
  TRAPNO=0x000000000000000e

Top of Stack: (sp=0x000000030d08de00)
0x000000030d08de00:   000000030d08de90 000000010ddbaec2
0x000000030d08de10:   000000030d08de30 000000010dd88c6c
0x000000030d08de20:   000060000000000c 0000000000000000
0x000000030d08de30:   fd050ad95aee0052 00007fc3c3009800
0x000000030d08de40:   0000000000000000 000000010dd88c6c
0x000000030d08de50:   fd050ad95aee0052 00007fc3c3009800
0x000000030d08de60:   000000030d08de90 00007fc3c3009b48
0x000000030d08de70:   00007fc3c3804d20 0000000000000000
0x000000030d08de80:   0000000000000000 00007fc3c3804d28
0x000000030d08de90:   000000030d08df20 000000010cbc814f
0x000000030d08dea0:   000060000064c0e8 0000600002c4c340
0x000000030d08deb0:   000000030d08dee0 000000010dda8ba1
0x000000030d08dec0:   fd050ad95aee0052 00007fc3c3009800
0x000000030d08ded0:   000000030d08def0 000000010dd88c6c
0x000000030d08dee0:   000060000064c0e8 0000600002c4c340
0x000000030d08def0:   000000030d08df20 fd050ad95aee0052
0x000000030d08df00:   00007fc3c3009b48 00007fc3c3804d20
0x000000030d08df10:   00007fc3c3804d38 00007fc3c3804d28
0x000000030d08df20:   000000030d08dfb0 000000010cbc5ac4
0x000000030d08df30:   00007ff7fff956d0 0005e5624bc36c4d
0x000000030d08df40:   0000000400010002 0000600002c49180
0x000000030d08df50:   0000000000000000 00007ff7fff6f7f4
0x000000030d08df60:   000060000374c088 0000000000000001
0x000000030d08df70:   000060000374c030 00007fc3c3009b48
0x000000030d08df80:   000000010e33b380 000000030d08e000
0x000000030d08df90:   0000000000000000 0000000000000000
0x000000030d08dfa0:   0000000000000000 0000000000000000
0x000000030d08dfb0:   000000030d08dfd0 00007ff8154d64f4
0x000000030d08dfc0:   0000000000000000 0000000000000000
0x000000030d08dfd0:   000000030d08dff0 00007ff8154d200f
0x000000030d08dfe0:   0000000000000000 00007ff7fff857b0
0x000000030d08dff0:   0000000000000000 0000000000000000 

Instructions: (pc=0x000000010db88a94)
0x000000010db88994:   ff 17 48 8b 18 48 8b 03 48 89 df ff 50 28 84 c0
0x000000010db889a4:   74 14 48 83 c3 28 48 89 df eb 4a 45 31 f6 4c 89
0x000000010db889b4:   f0 5b 41 5e 5d c3 48 8d 05 67 38 80 00 48 8b 18
0x000000010db889c4:   48 85 db 74 25 48 89 df e8 21 d0 42 00 48 8d 3d
0x000000010db889d4:   70 51 80 00 48 83 c7 68 4c 89 f6 e8 96 a5 4a 00
0x000000010db889e4:   48 89 df e8 a0 d0 42 00 eb c4 48 8d 3d 53 51 80
0x000000010db889f4:   00 48 83 c7 68 4c 89 f6 e8 79 a5 4a 00 eb af 90
0x000000010db88a04:   55 48 89 e5 53 50 48 89 fb 48 8d 05 64 25 7f 00
0x000000010db88a14:   80 38 00 74 07 e8 1a 00 00 00 eb 05 e8 3b 5d 00
0x000000010db88a24:   00 48 89 05 24 f5 7a 00 48 89 df 48 83 c4 08 5b
0x000000010db88a34:   5d ff e0 90 48 8d 05 01 b8 7e 00 48 8b 00 8b 40
0x000000010db88a44:   10 ff c8 83 f8 04 73 0e 48 98 48 8d 0d db 1a 77
0x000000010db88a54:   00 48 8b 04 c1 c3 55 48 89 e5 48 8d 3d bc cb 61
0x000000010db88a64:   00 48 8d 15 e0 cb 61 00 be ef 00 00 00 31 c0 e8
0x000000010db88a74:   7b 97 0a 00 e8 ed 41 45 00 31 c0 5d c3 90 90 90
0x000000010db88a84:   55 48 89 e5 48 8b 07 5d c3 90 90 90 55 48 89 e5
0x000000010db88a94:   48 8b 07 5d c3 90 90 90 55 48 89 e5 48 8b 07 5d
0x000000010db88aa4:   c3 90 90 90 55 48 89 e5 48 8b 37 48 85 f6 74 10
0x000000010db88ab4:   48 8d 05 85 b7 7e 00 48 8b 38 5d e9 7a 49 4e 00
0x000000010db88ac4:   31 c0 5d c3 55 48 89 e5 41 56 53 49 89 f6 48 89
0x000000010db88ad4:   fb 48 8d 05 9c 24 7f 00 80 38 00 74 07 e8 1a 00
0x000000010db88ae4:   00 00 eb 05 e8 ab ab ff ff 48 89 05 dc 22 7b 00
0x000000010db88af4:   48 89 df 4c 89 f6 5b 41 5e 5d ff e0 48 8d 05 39
0x000000010db88b04:   b7 7e 00 48 8b 00 8b 40 10 ff c8 83 f8 04 73 0e
0x000000010db88b14:   48 98 48 8d 0d 53 1a 77 00 48 8b 04 c1 c3 55 48
0x000000010db88b24:   89 e5 48 8d 3d f4 ca 61 00 48 8d 15 18 cb 61 00
0x000000010db88b34:   be ef 00 00 00 31 c0 e8 b3 96 0a 00 e8 25 41 45
0x000000010db88b44:   00 31 c0 5d c3 90 90 90 55 48 89 e5 8b 04 37 48
0x000000010db88b54:   85 c0 74 12 48 8d 15 21 ec 7c 00 8a 4a 08 48 d3
0x000000010db88b64:   e0 48 03 02 eb 02 31 c0 5d c3 90 90 55 48 89 e5
0x000000010db88b74:   8b 04 37 48 85 c0 74 12 48 8d 15 fd eb 7c 00 8a
0x000000010db88b84:   4a 08 48 d3 e0 48 03 02 eb 02 31 c0 5d c3 90 90 


Stack slot to memory mapping:
stack at sp + 0 slots: 0x000000030d08de90 is pointing into the stack for thread: 0x00007fc3c3009800
stack at sp + 1 slots: 0x000000010ddbaec2: jni_GetStringUTFChars+0xe1 in /Library/Java/JavaVirtualMachines/adoptopenjdk-11.jdk/Contents/Home/lib/server/libjvm.dylib at 0x000000010d9bd000
stack at sp + 2 slots: 0x000000030d08de30 is pointing into the stack for thread: 0x00007fc3c3009800
stack at sp + 3 slots: 0x000000010dd88c6c: _ZN20ThreadInVMfromNativeD1Ev+0x20 in /Library/Java/JavaVirtualMachines/adoptopenjdk-11.jdk/Contents/Home/lib/server/libjvm.dylib at 0x000000010d9bd000
stack at sp + 4 slots: 0x000060000000000c points into unknown readable memory: 00 00 00 00
stack at sp + 5 slots: 0x0 is NULL
stack at sp + 6 slots: 0xfd050ad95aee0052 is an unknown value
stack at sp + 7 slots: 0x00007fc3c3009800 is a thread


---------------  P R O C E S S  ---------------

Threads class SMR info:
_java_thread_list=0x0000600003946100, length=9, elements={
0x00007fc3c3009800, 0x00007fc3c2901800, 0x00007fc3c2904000, 0x00007fc3c290a800,
0x00007fc3c290b800, 0x00007fc3c2909000, 0x00007fc3c301a800, 0x00007fc3c301b000,
0x00007fc3c3060000
}

Java Threads: ( => current thread )
=>0x00007fc3c3009800 JavaThread "main" [_thread_in_vm, id=7427, stack(0x000000030cf8e000,0x000000030d08e000)]
  0x00007fc3c2901800 JavaThread "Reference Handler" daemon [_thread_blocked, id=14339, stack(0x000000030d6a3000,0x000000030d7a3000)]
  0x00007fc3c2904000 JavaThread "Finalizer" daemon [_thread_blocked, id=21763, stack(0x000000030d7a6000,0x000000030d8a6000)]
  0x00007fc3c290a800 JavaThread "Signal Dispatcher" daemon [_thread_blocked, id=23299, stack(0x000000030da3f000,0x000000030db3f000)]
  0x00007fc3c290b800 JavaThread "Service Thread" daemon [_thread_blocked, id=40963, stack(0x000000030db42000,0x000000030dc42000)]
  0x00007fc3c2909000 JavaThread "C2 CompilerThread0" daemon [_thread_blocked, id=40451, stack(0x000000030dc45000,0x000000030dd45000)]
  0x00007fc3c301a800 JavaThread "C1 CompilerThread0" daemon [_thread_blocked, id=24835, stack(0x000000030dd48000,0x000000030de48000)]
  0x00007fc3c301b000 JavaThread "Sweeper thread" daemon [_thread_blocked, id=40195, stack(0x000000030de4b000,0x000000030df4b000)]
  0x00007fc3c3060000 JavaThread "Common-Cleaner" daemon [_thread_blocked, id=39171, stack(0x000000030e051000,0x000000030e151000)]

Other Threads:
  0x00007fc3c28f9800 VMThread "VM Thread" [stack: 0x000000030d5a0000,0x000000030d6a0000] [id=16643]
  0x00007fc3c28f7800 WatcherThread [stack: 0x000000030df4e000,0x000000030e04e000] [id=39727]
  0x00007fc3c2817000 GCTaskThread "GC Thread#0" [stack: 0x000000030d091000,0x000000030d191000] [id=18947]
  0x00007fc3c2846000 ConcurrentGCThread "G1 Main Marker" [stack: 0x000000030d194000,0x000000030d294000] [id=12547]
  0x00007fc3c2847000 ConcurrentGCThread "G1 Conc#0" [stack: 0x000000030d297000,0x000000030d397000] [id=17667]
  0x00007fc3c28a7800 ConcurrentGCThread "G1 Refine#0" [stack: 0x000000030d39a000,0x000000030d49a000] [id=13059]
  0x00007fc3c28a8800 ConcurrentGCThread "G1 Young RemSet Sampling" [stack: 0x000000030d49d000,0x000000030d59d000] [id=13571]

Threads with active compile tasks:

VM state:not at safepoint (normal execution)

VM Mutex/Monitor currently owned by a thread: None

Heap address: 0x0000000780000000, size: 2048 MB, Compressed Oops mode: Zero based, Oop shift amount: 3
Narrow klass base: 0x0000000800000000, Narrow klass shift: 0
Compressed class space size: 1073741824 Address: 0x0000000800000000

Heap:
 garbage-first heap   total 131072K, used 2048K [0x0000000780000000, 0x0000000800000000)
  region size 1024K, 3 young (3072K), 0 survivors (0K)
 Metaspace       used 5144K, capacity 5292K, committed 5632K, reserved 1056768K
  class space    used 437K, capacity 464K, committed 512K, reserved 1048576K
Heap Regions: E=young(eden), S=young(survivor), O=old, HS=humongous(starts), HC=humongous(continues), CS=collection set, F=free, A=archive, TAMS=top-at-mark-start (previous, next)
|   0|0x0000000780000000, 0x0000000780000000, 0x0000000780100000|  0%| F|  |TAMS 0x0000000780000000, 0x0000000780000000| Untracked 
|   1|0x0000000780100000, 0x0000000780100000, 0x0000000780200000|  0%| F|  |TAMS 0x0000000780100000, 0x0000000780100000| Untracked 
|   2|0x0000000780200000, 0x0000000780200000, 0x0000000780300000|  0%| F|  |TAMS 0x0000000780200000, 0x0000000780200000| Untracked 
|   3|0x0000000780300000, 0x0000000780300000, 0x0000000780400000|  0%| F|  |TAMS 0x0000000780300000, 0x0000000780300000| Untracked 
|   4|0x0000000780400000, 0x0000000780400000, 0x0000000780500000|  0%| F|  |TAMS 0x0000000780400000, 0x0000000780400000| Untracked 
|   5|0x0000000780500000, 0x0000000780500000, 0x0000000780600000|  0%| F|  |TAMS 0x0000000780500000, 0x0000000780500000| Untracked 
|   6|0x0000000780600000, 0x0000000780600000, 0x0000000780700000|  0%| F|  |TAMS 0x0000000780600000, 0x0000000780600000| Untracked 
|   7|0x0000000780700000, 0x0000000780700000, 0x0000000780800000|  0%| F|  |TAMS 0x0000000780700000, 0x0000000780700000| Untracked 
|   8|0x0000000780800000, 0x0000000780800000, 0x0000000780900000|  0%| F|  |TAMS 0x0000000780800000, 0x0000000780800000| Untracked 
|   9|0x0000000780900000, 0x0000000780900000, 0x0000000780a00000|  0%| F|  |TAMS 0x0000000780900000, 0x0000000780900000| Untracked 
|  10|0x0000000780a00000, 0x0000000780a00000, 0x0000000780b00000|  0%| F|  |TAMS 0x0000000780a00000, 0x0000000780a00000| Untracked 
|  11|0x0000000780b00000, 0x0000000780b00000, 0x0000000780c00000|  0%| F|  |TAMS 0x0000000780b00000, 0x0000000780b00000| Untracked 
|  12|0x0000000780c00000, 0x0000000780c00000, 0x0000000780d00000|  0%| F|  |TAMS 0x0000000780c00000, 0x0000000780c00000| Untracked 
|  13|0x0000000780d00000, 0x0000000780d00000, 0x0000000780e00000|  0%| F|  |TAMS 0x0000000780d00000, 0x0000000780d00000| Untracked 
|  14|0x0000000780e00000, 0x0000000780e00000, 0x0000000780f00000|  0%| F|  |TAMS 0x0000000780e00000, 0x0000000780e00000| Untracked 
|  15|0x0000000780f00000, 0x0000000780f00000, 0x0000000781000000|  0%| F|  |TAMS 0x0000000780f00000, 0x0000000780f00000| Untracked 
|  16|0x0000000781000000, 0x0000000781000000, 0x0000000781100000|  0%| F|  |TAMS 0x0000000781000000, 0x0000000781000000| Untracked 
|  17|0x0000000781100000, 0x0000000781100000, 0x0000000781200000|  0%| F|  |TAMS 0x0000000781100000, 0x0000000781100000| Untracked 
|  18|0x0000000781200000, 0x0000000781200000, 0x0000000781300000|  0%| F|  |TAMS 0x0000000781200000, 0x0000000781200000| Untracked 
|  19|0x0000000781300000, 0x0000000781300000, 0x0000000781400000|  0%| F|  |TAMS 0x0000000781300000, 0x0000000781300000| Untracked 
|  20|0x0000000781400000, 0x0000000781400000, 0x0000000781500000|  0%| F|  |TAMS 0x0000000781400000, 0x0000000781400000| Untracked 
|  21|0x0000000781500000, 0x0000000781500000, 0x0000000781600000|  0%| F|  |TAMS 0x0000000781500000, 0x0000000781500000| Untracked 
|  22|0x0000000781600000, 0x0000000781600000, 0x0000000781700000|  0%| F|  |TAMS 0x0000000781600000, 0x0000000781600000| Untracked 
|  23|0x0000000781700000, 0x0000000781700000, 0x0000000781800000|  0%| F|  |TAMS 0x0000000781700000, 0x0000000781700000| Untracked 
|  24|0x0000000781800000, 0x0000000781800000, 0x0000000781900000|  0%| F|  |TAMS 0x0000000781800000, 0x0000000781800000| Untracked 
|  25|0x0000000781900000, 0x0000000781900000, 0x0000000781a00000|  0%| F|  |TAMS 0x0000000781900000, 0x0000000781900000| Untracked 
|  26|0x0000000781a00000, 0x0000000781a00000, 0x0000000781b00000|  0%| F|  |TAMS 0x0000000781a00000, 0x0000000781a00000| Untracked 
|  27|0x0000000781b00000, 0x0000000781b00000, 0x0000000781c00000|  0%| F|  |TAMS 0x0000000781b00000, 0x0000000781b00000| Untracked 
|  28|0x0000000781c00000, 0x0000000781c00000, 0x0000000781d00000|  0%| F|  |TAMS 0x0000000781c00000, 0x0000000781c00000| Untracked 
|  29|0x0000000781d00000, 0x0000000781d00000, 0x0000000781e00000|  0%| F|  |TAMS 0x0000000781d00000, 0x0000000781d00000| Untracked 
|  30|0x0000000781e00000, 0x0000000781e00000, 0x0000000781f00000|  0%| F|  |TAMS 0x0000000781e00000, 0x0000000781e00000| Untracked 
|  31|0x0000000781f00000, 0x0000000781f00000, 0x0000000782000000|  0%| F|  |TAMS 0x0000000781f00000, 0x0000000781f00000| Untracked 
|  32|0x0000000782000000, 0x0000000782000000, 0x0000000782100000|  0%| F|  |TAMS 0x0000000782000000, 0x0000000782000000| Untracked 
|  33|0x0000000782100000, 0x0000000782100000, 0x0000000782200000|  0%| F|  |TAMS 0x0000000782100000, 0x0000000782100000| Untracked 
|  34|0x0000000782200000, 0x0000000782200000, 0x0000000782300000|  0%| F|  |TAMS 0x0000000782200000, 0x0000000782200000| Untracked 
|  35|0x0000000782300000, 0x0000000782300000, 0x0000000782400000|  0%| F|  |TAMS 0x0000000782300000, 0x0000000782300000| Untracked 
|  36|0x0000000782400000, 0x0000000782400000, 0x0000000782500000|  0%| F|  |TAMS 0x0000000782400000, 0x0000000782400000| Untracked 
|  37|0x0000000782500000, 0x0000000782500000, 0x0000000782600000|  0%| F|  |TAMS 0x0000000782500000, 0x0000000782500000| Untracked 
|  38|0x0000000782600000, 0x0000000782600000, 0x0000000782700000|  0%| F|  |TAMS 0x0000000782600000, 0x0000000782600000| Untracked 
|  39|0x0000000782700000, 0x0000000782700000, 0x0000000782800000|  0%| F|  |TAMS 0x0000000782700000, 0x0000000782700000| Untracked 
|  40|0x0000000782800000, 0x0000000782800000, 0x0000000782900000|  0%| F|  |TAMS 0x0000000782800000, 0x0000000782800000| Untracked 
|  41|0x0000000782900000, 0x0000000782900000, 0x0000000782a00000|  0%| F|  |TAMS 0x0000000782900000, 0x0000000782900000| Untracked 
|  42|0x0000000782a00000, 0x0000000782a00000, 0x0000000782b00000|  0%| F|  |TAMS 0x0000000782a00000, 0x0000000782a00000| Untracked 
|  43|0x0000000782b00000, 0x0000000782b00000, 0x0000000782c00000|  0%| F|  |TAMS 0x0000000782b00000, 0x0000000782b00000| Untracked 
|  44|0x0000000782c00000, 0x0000000782c00000, 0x0000000782d00000|  0%| F|  |TAMS 0x0000000782c00000, 0x0000000782c00000| Untracked 
|  45|0x0000000782d00000, 0x0000000782d00000, 0x0000000782e00000|  0%| F|  |TAMS 0x0000000782d00000, 0x0000000782d00000| Untracked 
|  46|0x0000000782e00000, 0x0000000782e00000, 0x0000000782f00000|  0%| F|  |TAMS 0x0000000782e00000, 0x0000000782e00000| Untracked 
|  47|0x0000000782f00000, 0x0000000782f00000, 0x0000000783000000|  0%| F|  |TAMS 0x0000000782f00000, 0x0000000782f00000| Untracked 
|  48|0x0000000783000000, 0x0000000783000000, 0x0000000783100000|  0%| F|  |TAMS 0x0000000783000000, 0x0000000783000000| Untracked 
|  49|0x0000000783100000, 0x0000000783100000, 0x0000000783200000|  0%| F|  |TAMS 0x0000000783100000, 0x0000000783100000| Untracked 
|  50|0x0000000783200000, 0x0000000783200000, 0x0000000783300000|  0%| F|  |TAMS 0x0000000783200000, 0x0000000783200000| Untracked 
|  51|0x0000000783300000, 0x0000000783300000, 0x0000000783400000|  0%| F|  |TAMS 0x0000000783300000, 0x0000000783300000| Untracked 
|  52|0x0000000783400000, 0x0000000783400000, 0x0000000783500000|  0%| F|  |TAMS 0x0000000783400000, 0x0000000783400000| Untracked 
|  53|0x0000000783500000, 0x0000000783500000, 0x0000000783600000|  0%| F|  |TAMS 0x0000000783500000, 0x0000000783500000| Untracked 
|  54|0x0000000783600000, 0x0000000783600000, 0x0000000783700000|  0%| F|  |TAMS 0x0000000783600000, 0x0000000783600000| Untracked 
|  55|0x0000000783700000, 0x0000000783700000, 0x0000000783800000|  0%| F|  |TAMS 0x0000000783700000, 0x0000000783700000| Untracked 
|  56|0x0000000783800000, 0x0000000783800000, 0x0000000783900000|  0%| F|  |TAMS 0x0000000783800000, 0x0000000783800000| Untracked 
|  57|0x0000000783900000, 0x0000000783900000, 0x0000000783a00000|  0%| F|  |TAMS 0x0000000783900000, 0x0000000783900000| Untracked 
|  58|0x0000000783a00000, 0x0000000783a00000, 0x0000000783b00000|  0%| F|  |TAMS 0x0000000783a00000, 0x0000000783a00000| Untracked 
|  59|0x0000000783b00000, 0x0000000783b00000, 0x0000000783c00000|  0%| F|  |TAMS 0x0000000783b00000, 0x0000000783b00000| Untracked 
|  60|0x0000000783c00000, 0x0000000783c00000, 0x0000000783d00000|  0%| F|  |TAMS 0x0000000783c00000, 0x0000000783c00000| Untracked 
|  61|0x0000000783d00000, 0x0000000783d00000, 0x0000000783e00000|  0%| F|  |TAMS 0x0000000783d00000, 0x0000000783d00000| Untracked 
|  62|0x0000000783e00000, 0x0000000783e00000, 0x0000000783f00000|  0%| F|  |TAMS 0x0000000783e00000, 0x0000000783e00000| Untracked 
|  63|0x0000000783f00000, 0x0000000783f00000, 0x0000000784000000|  0%| F|  |TAMS 0x0000000783f00000, 0x0000000783f00000| Untracked 
|  64|0x0000000784000000, 0x0000000784000000, 0x0000000784100000|  0%| F|  |TAMS 0x0000000784000000, 0x0000000784000000| Untracked 
|  65|0x0000000784100000, 0x0000000784100000, 0x0000000784200000|  0%| F|  |TAMS 0x0000000784100000, 0x0000000784100000| Untracked 
|  66|0x0000000784200000, 0x0000000784200000, 0x0000000784300000|  0%| F|  |TAMS 0x0000000784200000, 0x0000000784200000| Untracked 
|  67|0x0000000784300000, 0x0000000784300000, 0x0000000784400000|  0%| F|  |TAMS 0x0000000784300000, 0x0000000784300000| Untracked 
|  68|0x0000000784400000, 0x0000000784400000, 0x0000000784500000|  0%| F|  |TAMS 0x0000000784400000, 0x0000000784400000| Untracked 
|  69|0x0000000784500000, 0x0000000784500000, 0x0000000784600000|  0%| F|  |TAMS 0x0000000784500000, 0x0000000784500000| Untracked 
|  70|0x0000000784600000, 0x0000000784600000, 0x0000000784700000|  0%| F|  |TAMS 0x0000000784600000, 0x0000000784600000| Untracked 
|  71|0x0000000784700000, 0x0000000784700000, 0x0000000784800000|  0%| F|  |TAMS 0x0000000784700000, 0x0000000784700000| Untracked 
|  72|0x0000000784800000, 0x0000000784800000, 0x0000000784900000|  0%| F|  |TAMS 0x0000000784800000, 0x0000000784800000| Untracked 
|  73|0x0000000784900000, 0x0000000784900000, 0x0000000784a00000|  0%| F|  |TAMS 0x0000000784900000, 0x0000000784900000| Untracked 
|  74|0x0000000784a00000, 0x0000000784a00000, 0x0000000784b00000|  0%| F|  |TAMS 0x0000000784a00000, 0x0000000784a00000| Untracked 
|  75|0x0000000784b00000, 0x0000000784b00000, 0x0000000784c00000|  0%| F|  |TAMS 0x0000000784b00000, 0x0000000784b00000| Untracked 
|  76|0x0000000784c00000, 0x0000000784c00000, 0x0000000784d00000|  0%| F|  |TAMS 0x0000000784c00000, 0x0000000784c00000| Untracked 
|  77|0x0000000784d00000, 0x0000000784d00000, 0x0000000784e00000|  0%| F|  |TAMS 0x0000000784d00000, 0x0000000784d00000| Untracked 
|  78|0x0000000784e00000, 0x0000000784e00000, 0x0000000784f00000|  0%| F|  |TAMS 0x0000000784e00000, 0x0000000784e00000| Untracked 
|  79|0x0000000784f00000, 0x0000000784f00000, 0x0000000785000000|  0%| F|  |TAMS 0x0000000784f00000, 0x0000000784f00000| Untracked 
|  80|0x0000000785000000, 0x0000000785000000, 0x0000000785100000|  0%| F|  |TAMS 0x0000000785000000, 0x0000000785000000| Untracked 
|  81|0x0000000785100000, 0x0000000785100000, 0x0000000785200000|  0%| F|  |TAMS 0x0000000785100000, 0x0000000785100000| Untracked 
|  82|0x0000000785200000, 0x0000000785200000, 0x0000000785300000|  0%| F|  |TAMS 0x0000000785200000, 0x0000000785200000| Untracked 
|  83|0x0000000785300000, 0x0000000785300000, 0x0000000785400000|  0%| F|  |TAMS 0x0000000785300000, 0x0000000785300000| Untracked 
|  84|0x0000000785400000, 0x0000000785400000, 0x0000000785500000|  0%| F|  |TAMS 0x0000000785400000, 0x0000000785400000| Untracked 
|  85|0x0000000785500000, 0x0000000785500000, 0x0000000785600000|  0%| F|  |TAMS 0x0000000785500000, 0x0000000785500000| Untracked 
|  86|0x0000000785600000, 0x0000000785600000, 0x0000000785700000|  0%| F|  |TAMS 0x0000000785600000, 0x0000000785600000| Untracked 
|  87|0x0000000785700000, 0x0000000785700000, 0x0000000785800000|  0%| F|  |TAMS 0x0000000785700000, 0x0000000785700000| Untracked 
|  88|0x0000000785800000, 0x0000000785800000, 0x0000000785900000|  0%| F|  |TAMS 0x0000000785800000, 0x0000000785800000| Untracked 
|  89|0x0000000785900000, 0x0000000785900000, 0x0000000785a00000|  0%| F|  |TAMS 0x0000000785900000, 0x0000000785900000| Untracked 
|  90|0x0000000785a00000, 0x0000000785a00000, 0x0000000785b00000|  0%| F|  |TAMS 0x0000000785a00000, 0x0000000785a00000| Untracked 
|  91|0x0000000785b00000, 0x0000000785b00000, 0x0000000785c00000|  0%| F|  |TAMS 0x0000000785b00000, 0x0000000785b00000| Untracked 
|  92|0x0000000785c00000, 0x0000000785c00000, 0x0000000785d00000|  0%| F|  |TAMS 0x0000000785c00000, 0x0000000785c00000| Untracked 
|  93|0x0000000785d00000, 0x0000000785d00000, 0x0000000785e00000|  0%| F|  |TAMS 0x0000000785d00000, 0x0000000785d00000| Untracked 
|  94|0x0000000785e00000, 0x0000000785e00000, 0x0000000785f00000|  0%| F|  |TAMS 0x0000000785e00000, 0x0000000785e00000| Untracked 
|  95|0x0000000785f00000, 0x0000000785f00000, 0x0000000786000000|  0%| F|  |TAMS 0x0000000785f00000, 0x0000000785f00000| Untracked 
|  96|0x0000000786000000, 0x0000000786000000, 0x0000000786100000|  0%| F|  |TAMS 0x0000000786000000, 0x0000000786000000| Untracked 
|  97|0x0000000786100000, 0x0000000786100000, 0x0000000786200000|  0%| F|  |TAMS 0x0000000786100000, 0x0000000786100000| Untracked 
|  98|0x0000000786200000, 0x0000000786200000, 0x0000000786300000|  0%| F|  |TAMS 0x0000000786200000, 0x0000000786200000| Untracked 
|  99|0x0000000786300000, 0x0000000786300000, 0x0000000786400000|  0%| F|  |TAMS 0x0000000786300000, 0x0000000786300000| Untracked 
| 100|0x0000000786400000, 0x0000000786400000, 0x0000000786500000|  0%| F|  |TAMS 0x0000000786400000, 0x0000000786400000| Untracked 
| 101|0x0000000786500000, 0x0000000786500000, 0x0000000786600000|  0%| F|  |TAMS 0x0000000786500000, 0x0000000786500000| Untracked 
| 102|0x0000000786600000, 0x0000000786600000, 0x0000000786700000|  0%| F|  |TAMS 0x0000000786600000, 0x0000000786600000| Untracked 
| 103|0x0000000786700000, 0x0000000786700000, 0x0000000786800000|  0%| F|  |TAMS 0x0000000786700000, 0x0000000786700000| Untracked 
| 104|0x0000000786800000, 0x0000000786800000, 0x0000000786900000|  0%| F|  |TAMS 0x0000000786800000, 0x0000000786800000| Untracked 
| 105|0x0000000786900000, 0x0000000786900000, 0x0000000786a00000|  0%| F|  |TAMS 0x0000000786900000, 0x0000000786900000| Untracked 
| 106|0x0000000786a00000, 0x0000000786a00000, 0x0000000786b00000|  0%| F|  |TAMS 0x0000000786a00000, 0x0000000786a00000| Untracked 
| 107|0x0000000786b00000, 0x0000000786b00000, 0x0000000786c00000|  0%| F|  |TAMS 0x0000000786b00000, 0x0000000786b00000| Untracked 
| 108|0x0000000786c00000, 0x0000000786c00000, 0x0000000786d00000|  0%| F|  |TAMS 0x0000000786c00000, 0x0000000786c00000| Untracked 
| 109|0x0000000786d00000, 0x0000000786d00000, 0x0000000786e00000|  0%| F|  |TAMS 0x0000000786d00000, 0x0000000786d00000| Untracked 
| 110|0x0000000786e00000, 0x0000000786e00000, 0x0000000786f00000|  0%| F|  |TAMS 0x0000000786e00000, 0x0000000786e00000| Untracked 
| 111|0x0000000786f00000, 0x0000000786f00000, 0x0000000787000000|  0%| F|  |TAMS 0x0000000786f00000, 0x0000000786f00000| Untracked 
| 112|0x0000000787000000, 0x0000000787000000, 0x0000000787100000|  0%| F|  |TAMS 0x0000000787000000, 0x0000000787000000| Untracked 
| 113|0x0000000787100000, 0x0000000787100000, 0x0000000787200000|  0%| F|  |TAMS 0x0000000787100000, 0x0000000787100000| Untracked 
| 114|0x0000000787200000, 0x0000000787200000, 0x0000000787300000|  0%| F|  |TAMS 0x0000000787200000, 0x0000000787200000| Untracked 
| 115|0x0000000787300000, 0x0000000787300000, 0x0000000787400000|  0%| F|  |TAMS 0x0000000787300000, 0x0000000787300000| Untracked 
| 116|0x0000000787400000, 0x0000000787400000, 0x0000000787500000|  0%| F|  |TAMS 0x0000000787400000, 0x0000000787400000| Untracked 
| 117|0x0000000787500000, 0x0000000787500000, 0x0000000787600000|  0%| F|  |TAMS 0x0000000787500000, 0x0000000787500000| Untracked 
| 118|0x0000000787600000, 0x0000000787600000, 0x0000000787700000|  0%| F|  |TAMS 0x0000000787600000, 0x0000000787600000| Untracked 
| 119|0x0000000787700000, 0x0000000787700000, 0x0000000787800000|  0%| F|  |TAMS 0x0000000787700000, 0x0000000787700000| Untracked 
| 120|0x0000000787800000, 0x0000000787800000, 0x0000000787900000|  0%| F|  |TAMS 0x0000000787800000, 0x0000000787800000| Untracked 
| 121|0x0000000787900000, 0x0000000787900000, 0x0000000787a00000|  0%| F|  |TAMS 0x0000000787900000, 0x0000000787900000| Untracked 
| 122|0x0000000787a00000, 0x0000000787a00000, 0x0000000787b00000|  0%| F|  |TAMS 0x0000000787a00000, 0x0000000787a00000| Untracked 
| 123|0x0000000787b00000, 0x0000000787b00000, 0x0000000787c00000|  0%| F|  |TAMS 0x0000000787b00000, 0x0000000787b00000| Untracked 
| 124|0x0000000787c00000, 0x0000000787c00000, 0x0000000787d00000|  0%| F|  |TAMS 0x0000000787c00000, 0x0000000787c00000| Untracked 
| 125|0x0000000787d00000, 0x0000000787d8d4a0, 0x0000000787e00000| 55%| E|  |TAMS 0x0000000787d00000, 0x0000000787d00000| Complete 
| 126|0x0000000787e00000, 0x0000000787f00000, 0x0000000787f00000|100%| E|CS|TAMS 0x0000000787e00000, 0x0000000787e00000| Complete 
| 127|0x0000000787f00000, 0x0000000788000000, 0x0000000788000000|100%| E|CS|TAMS 0x0000000787f00000, 0x0000000787f00000| Complete 

Card table byte_map: [0x000000010d369000,0x000000010d769000] _byte_map_base: 0x0000000109769000

Marking Bits (Prev, Next): (CMBitMap*) 0x00007fc3c283d818, (CMBitMap*) 0x00007fc3c283d850
 Prev Bits: [0x000000012770a000, 0x000000012970a000)
 Next Bits: [0x000000012970a000, 0x000000012b70a000)

Polling page: 0x0000000104594000

Metaspace:

Usage:
  Non-class:      4.71 MB capacity,     4.60 MB ( 97%) used,   119.77 KB (  2%) free+waste,     1.19 KB ( <1%) overhead. 
      Class:    464.00 KB capacity,   437.26 KB ( 94%) used,    26.05 KB (  6%) free+waste,   704 bytes ( <1%) overhead. 
       Both:      5.17 MB capacity,     5.02 MB ( 97%) used,   145.82 KB (  3%) free+waste,     1.88 KB ( <1%) overhead. 

Virtual space:
  Non-class space:        8.00 MB reserved,       5.00 MB ( 62%) committed 
      Class space:        1.00 GB reserved,     512.00 KB ( <1%) committed 
             Both:        1.01 GB reserved,       5.50 MB ( <1%) committed 

Chunk freelists:
   Non-Class:  60.00 KB
       Class:  16.00 KB
        Both:  76.00 KB

MaxMetaspaceSize: unlimited
CompressedClassSpaceSize: 1.00 GB

CodeHeap 'non-profiled nmethods': size=120032Kb used=30Kb max_used=30Kb free=120001Kb
 bounds [0x000000011fdd2000, 0x0000000120042000, 0x000000012730a000]
CodeHeap 'profiled nmethods': size=120028Kb used=185Kb max_used=185Kb free=119842Kb
 bounds [0x000000011889b000, 0x0000000118b0b000, 0x000000011fdd2000]
CodeHeap 'non-nmethods': size=5700Kb used=1007Kb max_used=1015Kb free=4692Kb
 bounds [0x000000011830a000, 0x000000011857a000, 0x000000011889b000]
 total_blobs=439 nmethods=150 adapters=203
 compilation: enabled
              stopped_count=0, restarted_count=0
 full_count=0

Compilation events (20 events):
Event: 0.228 Thread 0x00007fc3c301a800  142       3       java.util.zip.ZipFile$Source::getEntryHash (7 bytes)
Event: 0.228 Thread 0x00007fc3c301a800 nmethod 142 0x00000001188c7410 code [0x00000001188c75c0, 0x00000001188c76f0]
Event: 0.228 Thread 0x00007fc3c301a800  140       1       java.net.URL::getUserInfo (5 bytes)
Event: 0.228 Thread 0x00007fc3c301a800 nmethod 140 0x000000011fdd9010 code [0x000000011fdd91c0, 0x000000011fdd9270]
Event: 0.228 Thread 0x00007fc3c301a800  143       3       java.lang.String::lastIndexOf (29 bytes)
Event: 0.228 Thread 0x00007fc3c301a800 nmethod 143 0x00000001188c7810 code [0x00000001188c79e0, 0x00000001188c7c70]
Event: 0.228 Thread 0x00007fc3c301a800  144       3       java.lang.String::lastIndexOf (12 bytes)
Event: 0.228 Thread 0x00007fc3c301a800 nmethod 144 0x00000001188c7d90 code [0x00000001188c7f80, 0x00000001188c8370]
Event: 0.231 Thread 0x00007fc3c301a800  145       3       java.lang.StringCoding::hasNegatives (25 bytes)
Event: 0.231 Thread 0x00007fc3c301a800 nmethod 145 0x00000001188c8510 code [0x00000001188c86c0, 0x00000001188c88d0]
Event: 0.231 Thread 0x00007fc3c301a800  146       3       java.lang.AbstractStringBuilder::newCapacity (55 bytes)
Event: 0.232 Thread 0x00007fc3c301a800 nmethod 146 0x00000001188c8a10 code [0x00000001188c8be0, 0x00000001188c8e00]
Event: 0.232 Thread 0x00007fc3c301a800  148       3       java.util.zip.ZipFile$Source::getEntryNext (9 bytes)
Event: 0.232 Thread 0x00007fc3c301a800 nmethod 148 0x00000001188c8f10 code [0x00000001188c90c0, 0x00000001188c91f0]
Event: 0.232 Thread 0x00007fc3c301a800  147       1       java.util.ArrayList::size (5 bytes)
Event: 0.232 Thread 0x00007fc3c301a800 nmethod 147 0x000000011fdd9310 code [0x000000011fdd94c0, 0x000000011fdd9570]
Event: 0.232 Thread 0x00007fc3c301a800  149       1       java.net.URL::getProtocol (5 bytes)
Event: 0.232 Thread 0x00007fc3c301a800 nmethod 149 0x000000011fdd9610 code [0x000000011fdd97c0, 0x000000011fdd9870]
Event: 0.232 Thread 0x00007fc3c301a800  150       3       java.lang.AbstractStringBuilder::isLatin1 (19 bytes)
Event: 0.232 Thread 0x00007fc3c301a800 nmethod 150 0x00000001188c9310 code [0x00000001188c94c0, 0x00000001188c9630]

GC Heap History (0 events):
No events

Deoptimization events (4 events):
Event: 0.172 Thread 0x00007fc3c3009800 Uncommon trap: trap_request=0xffffff4d fr.pc=0x000000011fdd6c28 relative=0x0000000000000188
Event: 0.172 Thread 0x00007fc3c3009800 Uncommon trap: reason=unstable_if action=reinterpret pc=0x000000011fdd6c28 method=java.lang.String.hashCode()I @ 14 c2
Event: 0.172 Thread 0x00007fc3c3009800 DEOPT PACKING pc=0x000000011fdd6c28 sp=0x000000030d08c4d0
Event: 0.172 Thread 0x00007fc3c3009800 DEOPT UNPACKING pc=0x000000011832f59f sp=0x000000030d08c488 mode 2

Classes redefined (0 events):
No events

Internal exceptions (0 events):
No events

Events (20 events):
Event: 0.223 loading class oracle/jdbc/internal/OracleConnection
Event: 0.223 loading class oracle/jdbc/internal/OracleConnection done
Event: 0.224 loading class oracle/jdbc/OracleConnection
Event: 0.224 loading class oracle/jdbc/OracleConnection done
Event: 0.227 loading class oracle/jdbc/internal/ACProxyable
Event: 0.227 loading class oracle/jdbc/internal/ACProxyable done
Event: 0.228 loading class oracle/jdbc/internal/Monitor
Event: 0.228 loading class oracle/jdbc/internal/Monitor done
Event: 0.230 loading class java/lang/PublicMethods$MethodList
Event: 0.230 loading class java/lang/PublicMethods$MethodList done
Event: 0.231 loading class oracle/jdbc/driver/OracleConnection
Event: 0.231 loading class oracle/jdbc/driver/OracleConnection done
Event: 0.231 loading class oracle/jdbc/internal/ClientDataSupport
Event: 0.231 loading class oracle/jdbc/internal/ClientDataSupport done
Event: 0.232 loading class oracle/jdbc/OracleConnectionWrapper
Event: 0.232 loading class oracle/jdbc/OracleConnectionWrapper done
Event: 0.234 loading class java/lang/PublicMethods$Key
Event: 0.234 loading class java/lang/PublicMethods$Key done
Event: 0.235 loading class java/lang/Class$EnclosingMethodInfo
Event: 0.235 loading class java/lang/Class$EnclosingMethodInfo done


Dynamic libraries:
0x000000010cbc1000 	/Library/Java/JavaVirtualMachines/adoptopenjdk-11.jdk/Contents/Home/lib/jli/libjli.dylib
0x00007ff82c5b4000 	/System/Library/Frameworks/Cocoa.framework/Versions/A/Cocoa
0x00007ff817eb2000 	/System/Library/Frameworks/AppKit.framework/Versions/C/AppKit
0x00007ff81b411000 	/System/Library/Frameworks/CoreData.framework/Versions/A/CoreData
0x00007ff8162c9000 	/System/Library/Frameworks/Foundation.framework/Versions/C/Foundation
0x00007ff82062d000 	/usr/lib/libSystem.B.dylib
0x00007ff818d44000 	/System/Library/PrivateFrameworks/UIFoundation.framework/Versions/A/UIFoundation
0x00007ff826560000 	/System/Library/PrivateFrameworks/RemoteViewServices.framework/Versions/A/RemoteViewServices
0x00007ff81e900000 	/System/Library/PrivateFrameworks/XCTTargetBootstrap.framework/Versions/A/XCTTargetBootstrap
0x00007ff8224f9000 	/System/Library/PrivateFrameworks/InternationalSupport.framework/Versions/A/InternationalSupport
0x00007ff822583000 	/System/Library/PrivateFrameworks/UserActivity.framework/Versions/A/UserActivity
0x00007ff8218e0000 	/usr/lib/libspindump.dylib
0x00007ff818fd2000 	/System/Library/Frameworks/UniformTypeIdentifiers.framework/Versions/A/UniformTypeIdentifiers
0x00007ff81d039000 	/usr/lib/libapp_launch_measurement.dylib
0x00007ff81bded000 	/System/Library/PrivateFrameworks/CoreAnalytics.framework/Versions/A/CoreAnalytics
0x00007ff81d03c000 	/System/Library/PrivateFrameworks/CoreAutoLayout.framework/Versions/A/CoreAutoLayout
0x00007ff81e25c000 	/System/Library/Frameworks/Metal.framework/Versions/A/Metal
0x00007ff81ef78000 	/usr/lib/liblangid.dylib
0x00007ff81e904000 	/System/Library/PrivateFrameworks/CoreSVG.framework/Versions/A/CoreSVG
0x00007ff81a399000 	/System/Library/PrivateFrameworks/SkyLight.framework/Versions/A/SkyLight
0x00007ff81a72f000 	/System/Library/Frameworks/CoreGraphics.framework/Versions/A/CoreGraphics
0x00007ff826bcf000 	/System/Library/Frameworks/Accelerate.framework/Versions/A/Accelerate
0x00007ff82135b000 	/System/Library/PrivateFrameworks/IconServices.framework/Versions/A/IconServices
0x00007ff81e241000 	/System/Library/Frameworks/IOSurface.framework/Versions/A/IOSurface
0x00007ff81be1b000 	/usr/lib/libDiagnosticMessagesClient.dylib
0x00007ff820547000 	/usr/lib/libz.1.dylib
0x00007ff82a240000 	/System/Library/Frameworks/ApplicationServices.framework/Versions/A/ApplicationServices
0x00007ff81e8ec000 	/System/Library/PrivateFrameworks/DFRFoundation.framework/Versions/A/DFRFoundation
0x00007ff8177a3000 	/usr/lib/libicucore.A.dylib
0x00007ff82321e000 	/System/Library/Frameworks/AudioToolbox.framework/Versions/A/AudioToolbox
0x00007ff822505000 	/System/Library/PrivateFrameworks/DataDetectorsCore.framework/Versions/A/DataDetectorsCore
0x00007ff91ddf7000 	/System/Library/PrivateFrameworks/TextInput.framework/Versions/A/TextInput
0x00007ff81a31d000 	/usr/lib/libMobileGestalt.dylib
0x00007ff81e5f4000 	/System/Library/Frameworks/Carbon.framework/Versions/A/Frameworks/HIToolbox.framework/Versions/A/HIToolbox
0x00007ff81ca66000 	/System/Library/Frameworks/QuartzCore.framework/Versions/A/QuartzCore
0x00007ff817443000 	/System/Library/Frameworks/Security.framework/Versions/A/Security
0x00007ff826598000 	/System/Library/Frameworks/Carbon.framework/Versions/A/Frameworks/SpeechRecognition.framework/Versions/A/SpeechRecognition
0x00007ff81cd99000 	/System/Library/PrivateFrameworks/CoreUI.framework/Versions/A/CoreUI
0x00007ff816d1b000 	/System/Library/Frameworks/CoreAudio.framework/Versions/A/CoreAudio
0x00007ff81bf09000 	/System/Library/Frameworks/DiskArbitration.framework/Versions/A/DiskArbitration
0x00007ff821cc3000 	/System/Library/PrivateFrameworks/MultitouchSupport.framework/Versions/A/MultitouchSupport
0x00007ff81a31c000 	/usr/lib/libenergytrace.dylib
0x00007ff817d9e000 	/System/Library/Frameworks/IOKit.framework/Versions/A/IOKit
0x00007ff826984000 	/System/Library/Frameworks/CoreServices.framework/Versions/A/CoreServices
0x00007ff81cfd3000 	/System/Library/PrivateFrameworks/PerformanceAnalysis.framework/Versions/A/PerformanceAnalysis
0x00007ffa2d8de000 	/System/Library/Frameworks/OpenGL.framework/Versions/A/OpenGL
0x00007ff81fb74000 	/System/Library/PrivateFrameworks/MobileKeyBag.framework/Versions/A/MobileKeyBag
0x00007ff815361000 	/usr/lib/libobjc.A.dylib
0x00007ff81ae5e000 	/System/Library/Frameworks/ColorSync.framework/Versions/A/ColorSync
0x00007ff81551d000 	/System/Library/Frameworks/CoreFoundation.framework/Versions/A/CoreFoundation
0x00007ff81eb7f000 	/System/Library/Frameworks/CoreImage.framework/Versions/A/CoreImage
0x00007ff816b31000 	/System/Library/Frameworks/CoreText.framework/Versions/A/CoreText
0x00007ff81e933000 	/System/Library/Frameworks/ImageIO.framework/Versions/A/ImageIO
0x00007ff820633000 	/System/Library/PrivateFrameworks/SoftLinking.framework/Versions/A/SoftLinking
0x00007ff81d084000 	/usr/lib/libxml2.2.dylib
0x00007ff81542a000 	/usr/lib/libc++.1.dylib
0x00007ff8208b4000 	/usr/lib/libcompression.dylib
0x00007ff82242f000 	/System/Library/PrivateFrameworks/TextureIO.framework/Versions/A/TextureIO
0x00007ff820fd4000 	/usr/lib/libate.dylib
0x00007ff820628000 	/usr/lib/system/libcache.dylib
0x00007ff8205e4000 	/usr/lib/system/libcommonCrypto.dylib
0x00007ff82060d000 	/usr/lib/system/libcompiler_rt.dylib
0x00007ff820603000 	/usr/lib/system/libcopyfile.dylib
0x00007ff81525b000 	/usr/lib/system/libcorecrypto.dylib
0x00007ff81531a000 	/usr/lib/system/libdispatch.dylib
0x00007ff8154dc000 	/usr/lib/system/libdyld.dylib
0x00007ff82061f000 	/usr/lib/system/libkeymgr.dylib
0x00007ff8205c2000 	/usr/lib/system/libmacho.dylib
0x00007ff81fc48000 	/usr/lib/system/libquarantine.dylib
0x00007ff82061d000 	/usr/lib/system/libremovefile.dylib
0x00007ff81a369000 	/usr/lib/system/libsystem_asl.dylib
0x00007ff815209000 	/usr/lib/system/libsystem_blocks.dylib
0x00007ff8153a1000 	/usr/lib/system/libsystem_c.dylib
0x00007ff820615000 	/usr/lib/system/libsystem_collections.dylib
0x00007ff81ef69000 	/usr/lib/system/libsystem_configuration.dylib
0x00007ff81e224000 	/usr/lib/system/libsystem_containermanager.dylib
0x00007ff8202f9000 	/usr/lib/system/libsystem_coreservices.dylib
0x00007ff817a2c000 	/usr/lib/system/libsystem_darwin.dylib
0x00007ff820620000 	/usr/lib/system/libsystem_dnssd.dylib
0x00007ff81539e000 	/usr/lib/system/libsystem_featureflags.dylib
0x00007ff8154f2000 	/usr/lib/system/libsystem_info.dylib
0x00007ff82055a000 	/usr/lib/system/libsystem_m.dylib
0x00007ff8152ee000 	/usr/lib/system/libsystem_malloc.dylib
0x00007ff81a306000 	/usr/lib/system/libsystem_networkextension.dylib
0x00007ff817e54000 	/usr/lib/system/libsystem_notify.dylib
0x00007ff826859000 	/usr/lib/system/libsystem_product_info_filter.dylib
0x00007ff81ef6d000 	/usr/lib/system/libsystem_sandbox.dylib
0x00007ff82061a000 	/usr/lib/system/libsystem_secinit.dylib
0x00007ff815499000 	/usr/lib/system/libsystem_kernel.dylib
0x00007ff8154e8000 	/usr/lib/system/libsystem_platform.dylib
0x00007ff8154d0000 	/usr/lib/system/libsystem_pthread.dylib
0x00007ff81bc34000 	/usr/lib/system/libsystem_symptoms.dylib
0x00007ff815242000 	/usr/lib/system/libsystem_trace.dylib
0x00007ff8205f0000 	/usr/lib/system/libunwind.dylib
0x00007ff81520b000 	/usr/lib/system/libxpc.dylib
0x00007ff815483000 	/usr/lib/libc++abi.dylib
0x00007ff8205fb000 	/usr/lib/liboah.dylib
0x00007ff820d8d000 	/usr/lib/liblzma.5.dylib
0x00007ff815fda000 	/System/Library/Frameworks/SystemConfiguration.framework/Versions/A/SystemConfiguration
0x00007ff82062f000 	/usr/lib/libfakelink.dylib
0x00007ff819e6f000 	/System/Library/Frameworks/CFNetwork.framework/Versions/A/CFNetwork
0x00007ff82076e000 	/usr/lib/libarchive.2.dylib
0x00007ff81ef74000 	/System/Library/PrivateFrameworks/AppleSystemInfo.framework/Versions/A/AppleSystemInfo
0x00007ff81fc6f000 	/usr/lib/libbsm.0.dylib
0x00007ff8194a5000 	/usr/lib/libnetwork.dylib
0x00007ff8205c8000 	/usr/lib/system/libkxld.dylib
0x00007ff81f89d000 	/System/Library/PrivateFrameworks/IOMobileFramebuffer.framework/Versions/A/IOMobileFramebuffer
0x00007ffb2b54a000 	/usr/lib/libCoreEntitlements.dylib
0x00007ff8202db000 	/System/Library/PrivateFrameworks/AppleFSCompression.framework/Versions/A/AppleFSCompression
0x00007ff81fc57000 	/usr/lib/libcoretls.dylib
0x00007ff820da7000 	/usr/lib/libcoretls_cfhelpers.dylib
0x00007ff8208af000 	/usr/lib/libpam.2.dylib
0x00007ff81b85a000 	/usr/lib/libsqlite3.dylib
0x00007ff820e16000 	/usr/lib/libxar.1.dylib
0x00007ff8202eb000 	/usr/lib/libbz2.1.0.dylib
0x00007ff820634000 	/usr/lib/libpcap.A.dylib
0x00007ff81bc2b000 	/usr/lib/libdns_services.dylib
0x00007ff820881000 	/usr/lib/libapple_nghttp2.dylib
0x00007ff82066b000 	/usr/lib/libiconv.2.dylib
0x00007ff8205c1000 	/usr/lib/libcharset.1.dylib
0x00007ff81d007000 	/System/Library/Frameworks/CoreServices.framework/Versions/A/Frameworks/FSEvents.framework/Versions/A/FSEvents
0x00007ff817a36000 	/System/Library/Frameworks/CoreServices.framework/Versions/A/Frameworks/CarbonCore.framework/Versions/A/CarbonCore
0x00007ff81be6e000 	/System/Library/Frameworks/CoreServices.framework/Versions/A/Frameworks/Metadata.framework/Versions/A/Metadata
0x00007ff8202fe000 	/System/Library/Frameworks/CoreServices.framework/Versions/A/Frameworks/OSServices.framework/Versions/A/OSServices
0x00007ff8207f5000 	/System/Library/Frameworks/CoreServices.framework/Versions/A/Frameworks/SearchKit.framework/Versions/A/SearchKit
0x00007ff81bbbd000 	/System/Library/Frameworks/CoreServices.framework/Versions/A/Frameworks/AE.framework/Versions/A/AE
0x00007ff815a1e000 	/System/Library/Frameworks/CoreServices.framework/Versions/A/Frameworks/LaunchServices.framework/Versions/A/LaunchServices
0x00007ff820d3e000 	/System/Library/Frameworks/CoreServices.framework/Versions/A/Frameworks/DictionaryServices.framework/Versions/A/DictionaryServices
0x00007ff81d014000 	/System/Library/Frameworks/CoreServices.framework/Versions/A/Frameworks/SharedFileList.framework/Versions/A/SharedFileList
0x00007ff81fc4b000 	/usr/lib/libCheckFix.dylib
0x00007ff81a380000 	/System/Library/PrivateFrameworks/TCC.framework/Versions/A/TCC
0x00007ff81ef7a000 	/System/Library/PrivateFrameworks/CoreNLP.framework/Versions/A/CoreNLP
0x00007ff81be1e000 	/System/Library/PrivateFrameworks/MetadataUtilities.framework/Versions/A/MetadataUtilities
0x00007ff81608a000 	/usr/lib/libmecabra.dylib
0x00007ff81fc7f000 	/usr/lib/libmecab.dylib
0x00007ff816055000 	/usr/lib/libCRFSuite.dylib
0x00007ff81fcdc000 	/usr/lib/libgermantok.dylib
0x00007ff82085c000 	/usr/lib/libThaiTokenizer.dylib
0x00007ff81bf10000 	/System/Library/Frameworks/Accelerate.framework/Versions/A/Frameworks/vImage.framework/Versions/A/vImage
0x00007ff82695b000 	/System/Library/Frameworks/Accelerate.framework/Versions/A/Frameworks/vecLib.framework/Versions/A/vecLib
0x00007ff820e57000 	/System/Library/Frameworks/Accelerate.framework/Versions/A/Frameworks/vecLib.framework/Versions/A/libvMisc.dylib
0x00007ff81f691000 	/System/Library/Frameworks/Accelerate.framework/Versions/A/Frameworks/vecLib.framework/Versions/A/libvDSP.dylib
0x00007ff815d96000 	/System/Library/Frameworks/Accelerate.framework/Versions/A/Frameworks/vecLib.framework/Versions/A/libBLAS.dylib
0x00007ff820991000 	/System/Library/Frameworks/Accelerate.framework/Versions/A/Frameworks/vecLib.framework/Versions/A/libLAPACK.dylib
0x00007ff81fcdf000 	/System/Library/Frameworks/Accelerate.framework/Versions/A/Frameworks/vecLib.framework/Versions/A/libLinearAlgebra.dylib
0x00007ff82089a000 	/System/Library/Frameworks/Accelerate.framework/Versions/A/Frameworks/vecLib.framework/Versions/A/libSparseBLAS.dylib
0x00007ff82098b000 	/System/Library/Frameworks/Accelerate.framework/Versions/A/Frameworks/vecLib.framework/Versions/A/libQuadrature.dylib
0x00007ff81f064000 	/System/Library/Frameworks/Accelerate.framework/Versions/A/Frameworks/vecLib.framework/Versions/A/libBNNS.dylib
0x00007ff815f6b000 	/System/Library/Frameworks/Accelerate.framework/Versions/A/Frameworks/vecLib.framework/Versions/A/libSparse.dylib
0x00007ff81f05d000 	/System/Library/PrivateFrameworks/LinguisticData.framework/Versions/A/LinguisticData
0x00007ff815f20000 	/System/Library/PrivateFrameworks/Lexicon.framework/Versions/A/Lexicon
0x00007ff820e50000 	/usr/lib/libChineseTokenizer.dylib
0x00007ff816684000 	/System/Library/PrivateFrameworks/LanguageModeling.framework/Versions/A/LanguageModeling
0x00007ff82085e000 	/System/Library/PrivateFrameworks/AppleSauce.framework/Versions/A/AppleSauce
0x00007ff81f88b000 	/System/Library/PrivateFrameworks/CoreEmoji.framework/Versions/A/CoreEmoji
0x00007ff82075d000 	/usr/lib/libcmph.dylib
0x00007ff81cfeb000 	/System/Library/Frameworks/OpenDirectory.framework/Versions/A/Frameworks/CFOpenDirectory.framework/Versions/A/CFOpenDirectory
0x00007ff81cfdf000 	/System/Library/Frameworks/OpenDirectory.framework/Versions/A/OpenDirectory
0x00007ff820da9000 	/System/Library/PrivateFrameworks/APFS.framework/Versions/A/APFS
0x00007ff81fbac000 	/System/Library/Frameworks/SecurityFoundation.framework/Versions/A/SecurityFoundation
0x00007ff820e24000 	/usr/lib/libutil.dylib
0x00007ff817d61000 	/System/Library/PrivateFrameworks/CoreServicesStore.framework/Versions/A/CoreServicesStore
0x00007ff820e28000 	/usr/lib/libxslt.1.dylib
0x00007ff81fc39000 	/System/Library/PrivateFrameworks/BackgroundTaskManagement.framework/Versions/A/BackgroundTaskManagement
0x00007ff822351000 	/System/Library/Frameworks/ImageIO.framework/Versions/A/Resources/libRadiance.dylib
0x00007ff82235a000 	/System/Library/Frameworks/ImageIO.framework/Versions/A/Resources/libJPEG.dylib
0x00007ff8222ab000 	/System/Library/Frameworks/ImageIO.framework/Versions/A/Resources/libPng.dylib
0x00007ff8222cc000 	/System/Library/Frameworks/ImageIO.framework/Versions/A/Resources/libTIFF.dylib
0x00007ff8223b8000 	/System/Library/Frameworks/ImageIO.framework/Versions/A/Resources/libGIF.dylib
0x00007ff821be0000 	/System/Library/Frameworks/ImageIO.framework/Versions/A/Resources/libJP2.dylib
0x00007ff821322000 	/usr/lib/libexpat.1.dylib
0x00007ff821b95000 	/System/Library/PrivateFrameworks/AppleJPEG.framework/Versions/A/AppleJPEG
0x00007ff81e4b7000 	/System/Library/PrivateFrameworks/FontServices.framework/libFontParser.dylib
0x00007ff81bb67000 	/System/Library/PrivateFrameworks/RunningBoardServices.framework/Versions/A/RunningBoardServices
0x00007ff82cb30000 	/System/Library/PrivateFrameworks/IOSurfaceAccelerator.framework/Versions/A/IOSurfaceAccelerator
0x00007ff821cbf000 	/System/Library/PrivateFrameworks/WatchdogClient.framework/Versions/A/WatchdogClient
0x00007ff816773000 	/System/Library/Frameworks/CoreDisplay.framework/Versions/A/CoreDisplay
0x00007ff81e3b6000 	/System/Library/Frameworks/CoreMedia.framework/Versions/A/CoreMedia
0x00007ff81e253000 	/System/Library/PrivateFrameworks/IOAccelerator.framework/Versions/A/IOAccelerator
0x00007ff81d167000 	/System/Library/Frameworks/CoreVideo.framework/Versions/A/CoreVideo
0x00007ff8208ad000 	/System/Library/Frameworks/MetalPerformanceShaders.framework/Versions/A/MetalPerformanceShaders
0x00007ff821cfa000 	/System/Library/Frameworks/VideoToolbox.framework/Versions/A/VideoToolbox
0x00007ff81baaf000 	/System/Library/PrivateFrameworks/BaseBoard.framework/Versions/A/BaseBoard
0x00007ff81b840000 	/System/Library/PrivateFrameworks/ProtocolBuffer.framework/Versions/A/ProtocolBuffer
0x00007ff82234a000 	/System/Library/PrivateFrameworks/GPUWrangler.framework/Versions/A/GPUWrangler
0x00007ff82232d000 	/System/Library/PrivateFrameworks/IOPresentment.framework/Versions/A/IOPresentment
0x00007ff822354000 	/System/Library/PrivateFrameworks/DSExternalDisplay.framework/Versions/A/DSExternalDisplay
0x00007ffa2d8d2000 	/System/Library/Frameworks/OpenGL.framework/Versions/A/Libraries/libCoreFSCache.dylib
0x00007ffb197ba000 	/System/Library/PrivateFrameworks/GPUCompiler.framework/Versions/31001/Libraries/libGPUCompilerUtils.dylib
0x00007ff8223bd000 	/System/Library/PrivateFrameworks/CMCaptureCore.framework/Versions/A/CMCaptureCore
0x00007ff8218ce000 	/System/Library/PrivateFrameworks/AppServerSupport.framework/Versions/A/AppServerSupport
0x00007ff823aa4000 	/System/Library/PrivateFrameworks/perfdata.framework/Versions/A/perfdata
0x00007ff81689f000 	/System/Library/PrivateFrameworks/AudioToolboxCore.framework/Versions/A/AudioToolboxCore
0x00007ff81e393000 	/System/Library/PrivateFrameworks/caulk.framework/Versions/A/caulk
0x00007ff8233c8000 	/usr/lib/libAudioStatistics.dylib
0x00007ff91a685000 	/System/Library/PrivateFrameworks/SystemPolicy.framework/Versions/A/SystemPolicy
0x00007ff82361d000 	/usr/lib/libSMC.dylib
0x00007ff82c467000 	/System/Library/Frameworks/CoreMIDI.framework/Versions/A/CoreMIDI
0x00007ff82227b000 	/usr/lib/libAudioToolboxUtility.dylib
0x00007ff916a97000 	/System/Library/PrivateFrameworks/OSAServicesClient.framework/Versions/A/OSAServicesClient
0x00007ff823ab1000 	/usr/lib/libperfcheck.dylib
0x00007ff91b117000 	/usr/lib/libmis.dylib
0x00007ffa2d92e000 	/System/Library/Frameworks/OpenGL.framework/Versions/A/Libraries/libGLU.dylib
0x00007ffa2d8f1000 	/System/Library/Frameworks/OpenGL.framework/Versions/A/Libraries/libGFXShared.dylib
0x00007ffa2daff000 	/System/Library/Frameworks/OpenGL.framework/Versions/A/Libraries/libGL.dylib
0x00007ffa2d8fa000 	/System/Library/Frameworks/OpenGL.framework/Versions/A/Libraries/libGLImage.dylib
0x00007ffa2d8ee000 	/System/Library/Frameworks/OpenGL.framework/Versions/A/Libraries/libCVMSPluginSupport.dylib
0x00007ffa2d8d9000 	/System/Library/Frameworks/OpenGL.framework/Versions/A/Libraries/libCoreVMClient.dylib
0x00007ff81eef8000 	/System/Library/Frameworks/MetalPerformanceShaders.framework/Versions/A/Frameworks/MPSCore.framework/Versions/A/MPSCore
0x00007ff820246000 	/System/Library/Frameworks/MetalPerformanceShaders.framework/Versions/A/Frameworks/MPSImage.framework/Versions/A/MPSImage
0x00007ff81fcf5000 	/System/Library/Frameworks/MetalPerformanceShaders.framework/Versions/A/Frameworks/MPSNeuralNetwork.framework/Versions/A/MPSNeuralNetwork
0x00007ff82016a000 	/System/Library/Frameworks/MetalPerformanceShaders.framework/Versions/A/Frameworks/MPSMatrix.framework/Versions/A/MPSMatrix
0x00007ff81ff26000 	/System/Library/Frameworks/MetalPerformanceShaders.framework/Versions/A/Frameworks/MPSRayIntersector.framework/Versions/A/MPSRayIntersector
0x00007ff8201a3000 	/System/Library/Frameworks/MetalPerformanceShaders.framework/Versions/A/Frameworks/MPSNDArray.framework/Versions/A/MPSNDArray
0x00007ffa324f3000 	/System/Library/Frameworks/MetalPerformanceShaders.framework/Versions/A/Frameworks/MPSFunctions.framework/Versions/A/MPSFunctions
0x00007ff815c79000 	/System/Library/PrivateFrameworks/MetalTools.framework/Versions/A/MetalTools
0x00007ff81ef72000 	/System/Library/PrivateFrameworks/AggregateDictionary.framework/Versions/A/AggregateDictionary
0x00007ff821104000 	/usr/lib/libIOReport.dylib
0x00007ffa2ef0e000 	/System/Library/Frameworks/OpenCL.framework/Versions/A/OpenCL
0x00007ff821468000 	/System/Library/PrivateFrameworks/FaceCore.framework/Versions/A/FaceCore
0x00007ff821459000 	/System/Library/PrivateFrameworks/GraphVisualizer.framework/Versions/A/GraphVisualizer
0x00007ffb196c5000 	/System/Library/PrivateFrameworks/FontServices.framework/Versions/A/FontServices
0x00007ff821885000 	/System/Library/PrivateFrameworks/OTSVG.framework/Versions/A/OTSVG
0x00007ff81cd4f000 	/System/Library/Frameworks/ApplicationServices.framework/Versions/A/Frameworks/ATS.framework/Versions/A/Resources/libFontRegistry.dylib
0x00007ff8218d6000 	/System/Library/PrivateFrameworks/FontServices.framework/libhvf.dylib
0x00007ffb196c6000 	/System/Library/PrivateFrameworks/FontServices.framework/libXTFontStaticRegistryData.dylib
0x00007ff8212d2000 	/System/Library/PrivateFrameworks/AppleVA.framework/Versions/A/AppleVA
0x00007ff8233ec000 	/System/Library/Frameworks/ApplicationServices.framework/Versions/A/Frameworks/ATS.framework/Versions/A/ATS
0x00007ff81af5a000 	/System/Library/Frameworks/ApplicationServices.framework/Versions/A/Frameworks/HIServices.framework/Versions/A/HIServices
0x00007ff8223c7000 	/System/Library/Frameworks/ApplicationServices.framework/Versions/A/Frameworks/PrintCore.framework/Versions/A/PrintCore
0x00007ff823770000 	/System/Library/Frameworks/ApplicationServices.framework/Versions/A/Frameworks/QD.framework/Versions/A/QD
0x00007ff823768000 	/System/Library/Frameworks/ApplicationServices.framework/Versions/A/Frameworks/ColorSyncLegacy.framework/Versions/A/ColorSyncLegacy
0x00007ff8233dc000 	/System/Library/Frameworks/ApplicationServices.framework/Versions/A/Frameworks/SpeechSynthesis.framework/Versions/A/SpeechSynthesis
0x00007ff822388000 	/System/Library/Frameworks/ApplicationServices.framework/Versions/A/Frameworks/ATSUI.framework/Versions/A/ATSUI
0x00007ff8236fd000 	/usr/lib/libcups.2.dylib
0x00007ff823ac0000 	/System/Library/Frameworks/Kerberos.framework/Versions/A/Kerberos
0x00007ff823acf000 	/System/Library/Frameworks/GSS.framework/Versions/A/GSS
0x00007ff823458000 	/usr/lib/libresolv.9.dylib
0x00007ff8218e5000 	/System/Library/PrivateFrameworks/Heimdal.framework/Versions/A/Heimdal
0x00007ff82a5bd000 	/System/Library/Frameworks/Kerberos.framework/Versions/A/Libraries/libHeimdalProxy.dylib
0x00007ff81bc3c000 	/System/Library/Frameworks/Network.framework/Versions/A/Network
0x00007ff82133c000 	/usr/lib/libheimdal-asn1.dylib
0x00007ff823b1b000 	/System/Library/PrivateFrameworks/CommonAuth.framework/Versions/A/CommonAuth
0x00007ff823359000 	/System/Library/PrivateFrameworks/AudioSession.framework/Versions/A/AudioSession
0x00007ff8213cc000 	/System/Library/PrivateFrameworks/MediaExperience.framework/Versions/A/MediaExperience
0x00007ff8231ed000 	/System/Library/PrivateFrameworks/AudioSession.framework/libSessionUtility.dylib
0x00007ff82377c000 	/System/Library/PrivateFrameworks/AudioResourceArbitration.framework/Versions/A/AudioResourceArbitration
0x00007ff82776e000 	/System/Library/PrivateFrameworks/PowerLog.framework/Versions/A/PowerLog
0x00007ff821345000 	/System/Library/PrivateFrameworks/IconFoundation.framework/Versions/A/IconFoundation
0x00007ff826588000 	/System/Library/PrivateFrameworks/SpeechRecognitionCore.framework/Versions/A/SpeechRecognitionCore
0x00007ffa1ed74000 	/System/Library/CoreServices/Encodings/libKoreanConverter.dylib
0x000000010d9bd000 	/Library/Java/JavaVirtualMachines/adoptopenjdk-11.jdk/Contents/Home/lib/server/libjvm.dylib
0x000000010cca1000 	/Library/Java/JavaVirtualMachines/adoptopenjdk-11.jdk/Contents/Home/lib/libverify.dylib
0x000000010ccc6000 	/Library/Java/JavaVirtualMachines/adoptopenjdk-11.jdk/Contents/Home/lib/libjava.dylib
0x000000010cc33000 	/Library/Java/JavaVirtualMachines/adoptopenjdk-11.jdk/Contents/Home/lib/libjimage.dylib
0x000000010cd79000 	/Library/Java/JavaVirtualMachines/adoptopenjdk-11.jdk/Contents/Home/lib/libzip.dylib
0x000000012fb4f000 	/Library/Java/JavaVirtualMachines/adoptopenjdk-11.jdk/Contents/Home/lib/libnio.dylib
0x000000012fb7b000 	/Library/Java/JavaVirtualMachines/adoptopenjdk-11.jdk/Contents/Home/lib/libnet.dylib


VM Arguments:
jvm_args: -Dfile.encoding=UTF-8 
java_command: oracle.jdbc.driver.JavaToJavaConverter$185
java_class_path (initial): /Users/jihwan/git/homebab/build/classes:/Users/jihwan/git/homebab/src/main/webapp/WEB-INF/lib/commons-fileupload-1.3.3.jar:/Users/jihwan/git/homebab/src/main/webapp/WEB-INF/lib/commons-io-2.4.jar:/Users/jihwan/git/homebab/src/main/webapp/WEB-INF/lib/commons-logging-1.2.jar:/Users/jihwan/git/homebab/src/main/webapp/WEB-INF/lib/cos-05Nov2002.jar:/Users/jihwan/git/homebab/src/main/webapp/WEB-INF/lib/gson-2.8.5.jar:/Users/jihwan/git/homebab/src/main/webapp/WEB-INF/lib/jstl-1.2.jar:/Users/jihwan/git/homebab/src/main/webapp/WEB-INF/lib/log4j-1.2.17.jar:/Users/jihwan/git/homebab/src/main/webapp/WEB-INF/lib/log4jdbc-1.2.jar:/Users/jihwan/git/homebab/src/main/webapp/WEB-INF/lib/log4jdbc-log4j2-jdbc4.1-1.16.jar:/Users/jihwan/git/homebab/src/main/webapp/WEB-INF/lib/mybatis-3.5.6.jar:/Users/jihwan/git/homebab/src/main/webapp/WEB-INF/lib/ojdbc8.jar:/Users/jihwan/git/homebab/src/main/webapp/WEB-INF/lib/slf4j-api-1.7.30.jar:/Users/jihwan/git/homebab/src/main/webapp/WEB-INF/lib/slf4j-log4j12-1.7.30.jar:/Users/jihwan/git/homebab/src/main/webapp/WEB-INF/lib/spring-security-crypto-5.5.3.jar:/Users/jihwan/git/homebab/src/main/webapp/WEB-INF/lib/thumbnailator-0.4.8.jar:/Users/jihwan/tomcat/apache-tomcat-8.5.81/lib/tomcat-i18n-ko.jar:/Users/jihwan/tomcat/apache-tomcat-8.5.81/lib/el-api.jar:/Users/jihwan/tomcat/apache-tomcat-8.5.81/lib/tomcat-i18n-es.jar:/Users/jihwan/tomcat/apache-tomcat-8.5.81/lib/tomcat-websocket.jar:/Users/jihwan/tomcat/apache-tomcat-8.5.81/lib/jasper.jar:/Users/jihwan/tomcat/apache-tomcat-8.5.81/lib/jasper-el.jar:/Users/jihwan/tomcat/apache-tomcat-8.5.81/lib/tomcat-util.jar:/Users/jihwan/tomcat/apache-tomcat-8.5.81/lib/tomcat-i18n-de.jar:/Users/jihwan/tomcat/apache-tomcat-8.5.81/lib/catalina-storeconfig.jar:/Users/jihwan/tomcat/apache-tomcat-8.5.81/lib/jsp-api.jar:/Users/jihwan/tomcat/apache-tomcat-8.5.81/lib/catalina-tribes.jar:/Users/jihwan/tomcat/apache-tomcat-8.5.81/lib/catalina.jar:/Users/jihwan/tomcat/apache-tomcat-8.5.81/lib/tomcat
Launcher Type: SUN_STANDARD

[Global flags]
     intx CICompilerCount                          = 4                                         {product} {ergonomic}
     uint ConcGCThreads                            = 2                                         {product} {ergonomic}
     uint G1ConcRefinementThreads                  = 8                                         {product} {ergonomic}
   size_t G1HeapRegionSize                         = 1048576                                   {product} {ergonomic}
    uintx GCDrainStackTargetSize                   = 64                                        {product} {ergonomic}
   size_t InitialHeapSize                          = 134217728                                 {product} {ergonomic}
   size_t MarkStackSize                            = 4194304                                   {product} {ergonomic}
   size_t MaxHeapSize                              = 2147483648                                {product} {ergonomic}
   size_t MaxNewSize                               = 1287651328                                {product} {ergonomic}
   size_t MinHeapDeltaBytes                        = 1048576                                   {product} {ergonomic}
    uintx NonNMethodCodeHeapSize                   = 5836300                                {pd product} {ergonomic}
    uintx NonProfiledCodeHeapSize                  = 122910970                              {pd product} {ergonomic}
    uintx ProfiledCodeHeapSize                     = 122910970                              {pd product} {ergonomic}
    uintx ReservedCodeCacheSize                    = 251658240                              {pd product} {ergonomic}
     bool SegmentedCodeCache                       = true                                      {product} {ergonomic}
     bool UseCompressedClassPointers               = true                                 {lp64_product} {ergonomic}
     bool UseCompressedOops                        = true                                 {lp64_product} {ergonomic}
     bool UseG1GC                                  = true                                      {product} {ergonomic}

Logging:
Log output configuration:
 #0: stdout all=warning uptime,level,tags
 #1: stderr all=off uptime,level,tags

Environment Variables:
PATH=/usr/bin:/bin:/usr/sbin:/sbin
SHELL=/bin/zsh

Signal Handlers:
SIGSEGV: [libjvm.dylib+0x7bc7ea], sa_mask[0]=11111111111111111111111111111111, sa_flags=SA_ONSTACK|SA_RESTART|SA_SIGINFO
SIGBUS: [libjvm.dylib+0x7bc7ea], sa_mask[0]=11111111111111111111111111111111, sa_flags=SA_RESTART|SA_SIGINFO
SIGFPE: [libjvm.dylib+0x7bc7ea], sa_mask[0]=11111111111111111111111111111111, sa_flags=SA_RESTART|SA_SIGINFO
SIGPIPE: [libjvm.dylib+0x62226b], sa_mask[0]=11111111111111111111111111111111, sa_flags=SA_RESTART|SA_SIGINFO
SIGXFSZ: [libjvm.dylib+0x62226b], sa_mask[0]=11111111111111111111111111111111, sa_flags=SA_RESTART|SA_SIGINFO
SIGILL: [libjvm.dylib+0x7bc7ea], sa_mask[0]=11111111111111111111111111111111, sa_flags=SA_RESTART|SA_SIGINFO
SIGUSR2: [libjvm.dylib+0x622853], sa_mask[0]=00100000000000000000000000000000, sa_flags=SA_RESTART|SA_SIGINFO
SIGHUP: [libjvm.dylib+0x6213f1], sa_mask[0]=11111111111111111111111111111111, sa_flags=SA_RESTART|SA_SIGINFO
SIGINT: [libjvm.dylib+0x6213f1], sa_mask[0]=11111111111111111111111111111111, sa_flags=SA_RESTART|SA_SIGINFO
SIGTERM: [libjvm.dylib+0x6213f1], sa_mask[0]=11111111111111111111111111111111, sa_flags=SA_RESTART|SA_SIGINFO
SIGQUIT: [libjvm.dylib+0x6213f1], sa_mask[0]=11111111111111111111111111111111, sa_flags=SA_RESTART|SA_SIGINFO


---------------  S Y S T E M  ---------------

OS:uname:Darwin 21.3.0 Darwin Kernel Version 21.3.0: Wed Jan  5 21:37:58 PST 2022; root:xnu-8019.80.24~20/RELEASE_ARM64_T8101 x86_64
OS uptime: 8 days 16:03 hours
rlimit (soft/hard): STACK 8176k/65520k , CORE 0k/infinity , NPROC 1333/2000 , NOFILE 10240/infinity , AS infinity/infinity , CPU infinity/infinity , DATA infinity/infinity , FSIZE infinity/infinity , MEMLOCK infinity/infinity , RSS infinity/infinity
load average:1.37 1.38 1.48

CPU:total 8 (initial active 8) (1 cores per cpu, 1 threads per core) family 6 model 44 stepping 0 microcode 0x0, cmov, cx8, fxsr, mmx, sse, sse2, sse3, ssse3, sse4.1, sse4.2, popcnt, aes, clmul, tsc, tscinvbit, tscinv

Memory: 4k page, physical 8388608k(46992k free), swap 2097152k(1703168k free)

vm_info: OpenJDK 64-Bit Server VM (11.0.11+9) for bsd-amd64 JRE (11.0.11+9), built on Apr 20 2021 22:06:18 by "jenkins" with gcc 4.2.1 Compatible Apple LLVM 10.0.1 (clang-1001.0.46.4)

END.
